<?xml version="1.0" encoding="UTF-8"?>
<testng-results ignored="0" total="3" passed="3" failed="0" skipped="0">
  <reporter-output>
  </reporter-output>
  <suite started-at="2019-02-08T01:12:12Z" name="Suite" finished-at="2019-02-08T01:12:13Z" duration-ms="1348">
    <groups>
    </groups>
    <test started-at="2019-02-08T01:12:12Z" name="Chrome" finished-at="2019-02-08T01:12:13Z" duration-ms="1348">
      <class name="com.vince.steps.LogIn">
        <test-method is-config="true" signature="open()[pri:0, instance:com.vince.steps.LogIn@20d525]" started-at="2019-02-08T01:12:08Z" name="open" finished-at="2019-02-08T01:12:12Z" duration-ms="3973" status="PASS">
          <reporter-output>
          </reporter-output>
        </test-method> <!-- open -->
        <test-method signature="selectlogin()[pri:0, instance:com.vince.steps.LogIn@20d525]" started-at="2019-02-08T01:12:12Z" name="selectlogin" finished-at="2019-02-08T01:12:12Z" duration-ms="318" status="PASS">
          <reporter-output>
          </reporter-output>
        </test-method> <!-- selectlogin -->
        <test-method signature="login()[pri:1, instance:com.vince.steps.LogIn@20d525]" started-at="2019-02-08T01:12:12Z" name="login" finished-at="2019-02-08T01:12:13Z" duration-ms="392" status="PASS">
          <reporter-output>
          </reporter-output>
        </test-method> <!-- login -->
        <test-method signature="makeappointment()[pri:2, instance:com.vince.steps.LogIn@20d525]" started-at="2019-02-08T01:12:13Z" name="makeappointment" finished-at="2019-02-08T01:12:13Z" duration-ms="617" status="PASS">
          <reporter-output>
          </reporter-output>
        </test-method> <!-- makeappointment -->
        <test-method is-config="true" signature="signo()[pri:0, instance:com.vince.steps.LogIn@20d525]" started-at="2019-02-08T01:12:13Z" name="signo" finished-at="2019-02-08T01:12:14Z" duration-ms="251" status="PASS">
          <reporter-output>
          </reporter-output>
        </test-method> <!-- signo -->
      </class> <!-- com.vince.steps.LogIn -->
    </test> <!-- Chrome -->
  </suite> <!-- Suite -->
</testng-results>
