<?xml version="1.0" encoding="UTF-8"?>
<!-- Generated by org.testng.reporters.JUnitXMLReporter -->
<testsuite hostname="Vince" ignored="0" name="Chrome" tests="3" failures="0" timestamp="09 Feb 2019 09:33:29 GMT" time="1.201" errors="0">
  <testcase name="selectlogin" time="0.296" classname="com.vince.steps.LogIn"/>
  <testcase name="login" time="0.317" classname="com.vince.steps.LogIn"/>
  <testcase name="makeappointment" time="0.574" classname="com.vince.steps.LogIn"/>
</testsuite> <!-- Chrome -->
