<?xml version="1.0" encoding="UTF-8"?>
<testng-results skipped="0" failed="0" ignored="0" total="3" passed="3">
  <reporter-output>
  </reporter-output>
  <suite name="Suite" duration-ms="1201" started-at="2019-02-09T09:33:27Z" finished-at="2019-02-09T09:33:28Z">
    <groups>
    </groups>
    <test name="Chrome" duration-ms="1201" started-at="2019-02-09T09:33:27Z" finished-at="2019-02-09T09:33:28Z">
      <class name="com.vince.steps.LogIn">
        <test-method status="PASS" signature="open()[pri:0, instance:com.vince.steps.LogIn@2c6a3f77]" name="open" is-config="true" duration-ms="6022" started-at="2019-02-09T09:33:21Z" finished-at="2019-02-09T09:33:27Z">
          <reporter-output>
          </reporter-output>
        </test-method> <!-- open -->
        <test-method status="PASS" signature="selectlogin()[pri:0, instance:com.vince.steps.LogIn@2c6a3f77]" name="selectlogin" duration-ms="296" started-at="2019-02-09T09:33:27Z" finished-at="2019-02-09T09:33:28Z">
          <reporter-output>
          </reporter-output>
        </test-method> <!-- selectlogin -->
        <test-method status="PASS" signature="login()[pri:1, instance:com.vince.steps.LogIn@2c6a3f77]" name="login" duration-ms="317" started-at="2019-02-09T09:33:28Z" finished-at="2019-02-09T09:33:28Z">
          <reporter-output>
          </reporter-output>
        </test-method> <!-- login -->
        <test-method status="PASS" signature="makeappointment()[pri:2, instance:com.vince.steps.LogIn@2c6a3f77]" name="makeappointment" duration-ms="574" started-at="2019-02-09T09:33:28Z" finished-at="2019-02-09T09:33:28Z">
          <reporter-output>
          </reporter-output>
        </test-method> <!-- makeappointment -->
        <test-method status="PASS" signature="signo()[pri:0, instance:com.vince.steps.LogIn@2c6a3f77]" name="signo" is-config="true" duration-ms="205" started-at="2019-02-09T09:33:29Z" finished-at="2019-02-09T09:33:29Z">
          <reporter-output>
          </reporter-output>
        </test-method> <!-- signo -->
      </class> <!-- com.vince.steps.LogIn -->
    </test> <!-- Chrome -->
  </suite> <!-- Suite -->
</testng-results>
