<?xml version="1.0" encoding="UTF-8"?>
<!-- Generated by org.testng.reporters.JUnitXMLReporter -->
<testsuite ignored="0" hostname="Vince" failures="0" tests="3" name="Chrome" time="1.322" errors="0" timestamp="08 Feb 2019 01:21:34 GMT">
  <testcase classname="com.vince.steps.LogIn" name="selectlogin" time="0.366"/>
  <testcase classname="com.vince.steps.LogIn" name="login" time="0.333"/>
  <testcase classname="com.vince.steps.LogIn" name="makeappointment" time="0.605"/>
</testsuite> <!-- Chrome -->
